2024-11-08 20:34:31,251 - query_test.py[line:40 ] - INFO: 请求的用例名称是: 使用SQL语句准备数据用户查询接口 
2024-11-08 20:34:31,263 - mysqlutil.py[line:54 ] - INFO: 插入的数据是: 
INSERT INTO `sp_manager` (`mg_id`,`mg_name`, `mg_pwd`, `mg_mobile`, `mg_email`, `mg_time`, `role_id`, `mg_state`) VALUES
  (2310,'谢玉兰', '123456789', '18032040387', 'yong45@example.com', 1729928045, -1, NULL)
,对应的值是: () 
2024-11-08 20:34:31,272 - requestutil.py[line:17 ] - INFO: 请求的url是: http://127.0.0.1:8888/api/private/v1/users/2310 
2024-11-08 20:34:31,273 - requestutil.py[line:18 ] - INFO: 请求的headers是: {'Authorization': 'Bearer eyJhbGciOiJIUzI1NiIsInR5cCI6IkpXVCJ9.eyJ1aWQiOjUwMCwicmlkIjowLCJpYXQiOjE3MzEwNjkyNzEsImV4cCI6MTczMTE1NTY3MX0.9m_i1kJ9fxpRayi6qdrWm7xk_Pj9sZPvODG0tb0oc6k', 'Content-Type': None, 'accept-language': 'zh-CN,zh;q=0.9', 'user-agent': 'Mozilla/5.0 (Windows NT 10.0; Win64; x64) AppleWebKit/537.36 (KHTML,like Gecko) Chrome/104.0.0.0 Safari/537.36'} 
2024-11-08 20:34:31,274 - requestutil.py[line:19 ] - INFO: 请求的数据是: {'id': 2310} 
2024-11-08 20:34:31,300 - mysqlutil.py[line:115 ] - DEBUG: 删除的数据SQL是: 
DELETE FROM sp_manager WHERE mg_id = 2310
 
2024-11-08 20:34:31,301 - asst.py[line:9 ] - DEBUG: 断言成功: 获取成功 == 获取成功 
2024-11-08 20:38:06,619 - query_test.py[line:40 ] - INFO: 请求的用例名称是: 使用SQL语句准备数据用户查询接口 
2024-11-08 20:38:06,643 - mysqlutil.py[line:54 ] - INFO: 插入的数据是: 
INSERT INTO `sp_manager` (`mg_id`,`mg_name`, `mg_pwd`, `mg_mobile`, `mg_email`, `mg_time`, `role_id`, `mg_state`) VALUES
  (2310,'谢玉兰', '123456789', '18032040387', 'yong45@example.com', 1729928045, -1, NULL)
,对应的值是: () 
2024-11-08 20:38:06,651 - requestutil.py[line:17 ] - INFO: 请求的url是: http://127.0.0.1:8888/api/private/v1/users/2310 
2024-11-08 20:38:06,652 - requestutil.py[line:18 ] - INFO: 请求的headers是: {'Authorization': 'Bearer eyJhbGciOiJIUzI1NiIsInR5cCI6IkpXVCJ9.eyJ1aWQiOjUwMCwicmlkIjowLCJpYXQiOjE3MzEwNjk0ODYsImV4cCI6MTczMTE1NTg4Nn0.Jy_3JGO-9Xq9L8_adDmiKC1UHYchdizOcQui0_glXpg', 'Content-Type': None, 'accept-language': 'zh-CN,zh;q=0.9', 'user-agent': 'Mozilla/5.0 (Windows NT 10.0; Win64; x64) AppleWebKit/537.36 (KHTML,like Gecko) Chrome/104.0.0.0 Safari/537.36'} 
2024-11-08 20:38:06,652 - requestutil.py[line:19 ] - INFO: 请求的数据是: {'id': 2310} 
2024-11-08 20:38:06,675 - mysqlutil.py[line:115 ] - DEBUG: 删除的数据SQL是: 
DELETE FROM sp_manager WHERE mg_id = 2310
 
2024-11-08 20:38:06,676 - asst.py[line:9 ] - DEBUG: 断言成功: 获取成功 == 获取成功 
